2018-06-24 07:10:52 +0000  Initial pipeline context: <IDEDistributionProcessingPipelineContext: 0x7fe0dbbee610; archive(resolved)='<IDEArchive: 0x7fe0f1bc2690>', distributionTask(resolved)='2', distributionMethod(resolved)='<IDEDistributionMethodiOSAppStoreExport: 0x7fe0d9907ea0>', team(resolved)='<IDEProvisioningBasicTeam: 0x7fe0f5268830; teamID='VNA8F738WF', teamName='Andrew Nero'>'>
	Chain (11, self inclusive):
	<IDEDistributionProcessingPipelineContext: 0x7fe0dbbee610; archive = '<IDEArchive: 0x7fe0f1bc2690>', distributionMethod='<IDEDistributionMethodiOSAppStoreExport: 0x7fe0d9907ea0>', team='<IDEProvisioningBasicTeam: 0x7fe0f5268830; teamID='VNA8F738WF', teamName='Andrew Nero'>'>
	<IDEDistributionProcessingPipelineContext: 0x7fe0dbbf4aa0; archive = '<IDEArchive: 0x7fe0f1bc2690>', distributionMethod='<IDEDistributionMethodiOSAppStoreExport: 0x7fe0d9907ea0>', team='<IDEProvisioningBasicTeam: 0x7fe0f5268830; teamID='VNA8F738WF', teamName='Andrew Nero'>'>
	<IDEDistributionContext: 0x7fe0f1ccb5e0; archive = '<IDEArchive: 0x7fe0f1bc2690>', distributionMethod='<IDEDistributionMethodiOSAppStoreExport: 0x7fe0d9907ea0>', team='<IDEProvisioningBasicTeam: 0x7fe0f5268830; teamID='VNA8F738WF', teamName='Andrew Nero'>'>
	<IDEDistributionContext: 0x7fe0f13d1a20; archive = '<IDEArchive: 0x7fe0f1bc2690>', distributionMethod='<IDEDistributionMethodiOSAppStoreExport: 0x7fe0d9907ea0>', team='<IDEProvisioningBasicTeam: 0x7fe0f5268830; teamID='VNA8F738WF', teamName='Andrew Nero'>'>
	<IDEDistributionContext: 0x7fe0efdb3400; archive = '<IDEArchive: 0x7fe0f1bc2690>', distributionMethod='<IDEDistributionMethodiOSAppStoreExport: 0x7fe0d9907ea0>', team='<IDEProvisioningBasicTeam: 0x7fe0f5268830; teamID='VNA8F738WF', teamName='Andrew Nero'>'>
	<IDEDistributionContext: 0x7fe0f1482cc0; archive = '<IDEArchive: 0x7fe0f1bc2690>', distributionMethod='<IDEDistributionMethodiOSAppStoreExport: 0x7fe0d9907ea0>', team='<IDEProvisioningBasicTeam: 0x7fe0f5268830; teamID='VNA8F738WF', teamName='Andrew Nero'>'>
	<IDEDistributionContext: 0x7fe0f1579b70; archive = '<IDEArchive: 0x7fe0f1bc2690>', distributionMethod='<IDEDistributionMethodiOSAppStoreExport: 0x7fe0d9907ea0>', team='<IDEProvisioningBasicTeam: 0x7fe0f5268830; teamID='VNA8F738WF', teamName='Andrew Nero'>'>
	<IDEDistributionContext: 0x7fe0d779fe10; archive = '<IDEArchive: 0x7fe0f1bc2690>', distributionMethod='<IDEDistributionMethodiOSAppStoreExport: 0x7fe0d9907ea0>', team='<IDEProvisioningBasicTeam: 0x7fe0f5268830; teamID='VNA8F738WF', teamName='Andrew Nero'>'>
	<IDEDistributionContext: 0x7fe0f2ed6c40; archive = '<IDEArchive: 0x7fe0f1bc2690>', distributionMethod='<IDEDistributionMethodiOSAppStoreExport: 0x7fe0d9907ea0>', team='<IDEProvisioningBasicTeam: 0x7fe0f5268830; teamID='VNA8F738WF', teamName='Andrew Nero'>'>
	<IDEDistributionContext: 0x7fe0f1609de0; archive = '<IDEArchive: 0x7fe0f1bc2690>', distributionMethod='<IDEDistributionMethodiOSAppStoreExport: 0x7fe0d9907ea0>', team='(null)'>
	<IDEDistributionContext: 0x7fe0d829b520; archive = '<IDEArchive: 0x7fe0f1bc2690>', distributionMethod='(null)', team='(null)'>
</IDEDistributionProcessingPipelineContext: 0x7fe0dbbee610>
2018-06-24 07:10:52 +0000  Processing step: IDEDistributionCreateDestRootStep
2018-06-24 07:10:52 +0000  Processing step: IDEDistributionCopyItemStep
2018-06-24 07:10:52 +0000  Running /usr/bin/ditto '-V' '/Users/andrew/Library/Developer/Xcode/Archives/2018-06-24/Runner 6-24-18, 3.09 AM.xcarchive/Products/Applications/Runner.app' '/var/folders/4k/k3223hc175l4ljx6ng5f5rtc0000gn/T/XcodeDistPipeline.Vf9/Root/Payload/Runner.app'
2018-06-24 07:10:52 +0000  >>> Copying /Users/andrew/Library/Developer/Xcode/Archives/2018-06-24/Runner 6-24-18, 3.09 AM.xcarchive/Products/Applications/Runner.app 
2018-06-24 07:10:52 +0000  copying file ./_CodeSignature/CodeResources ... 
2018-06-24 07:10:52 +0000  62855 bytes for ./_CodeSignature/CodeResources
copying file ./AppFrameworkInfo.plist ... 
2018-06-24 07:10:52 +0000  376 bytes for ./AppFrameworkInfo.plist
copying file ./AppIcon20x20@2x.png ... 
2018-06-24 07:10:52 +0000  1304 bytes for ./AppIcon20x20@2x.png
copying file ./AppIcon20x20@2x~ipad.png ... 
2018-06-24 07:10:52 +0000  1304 bytes for ./AppIcon20x20@2x~ipad.png
copying file ./AppIcon20x20@3x.png ... 
2018-06-24 07:10:52 +0000  1883 bytes for ./AppIcon20x20@3x.png
copying file ./AppIcon20x20~ipad.png ... 
2018-06-24 07:10:52 +0000  531 bytes for ./AppIcon20x20~ipad.png
copying file ./AppIcon29x29.png ... 
2018-06-24 07:10:52 +0000  1010 bytes for ./AppIcon29x29.png
2018-06-24 07:10:52 +0000  copying file ./AppIcon29x29@2x.png ... 
2018-06-24 07:10:52 +0000  1767 bytes for ./AppIcon29x29@2x.png
copying file ./AppIcon29x29@2x~ipad.png ... 
2018-06-24 07:10:52 +0000  1767 bytes for ./AppIcon29x29@2x~ipad.png
copying file ./AppIcon29x29@3x.png ... 
2427 bytes for ./AppIcon29x29@3x.png
copying file ./AppIcon29x29~ipad.png ... 
2018-06-24 07:10:52 +0000  1010 bytes for ./AppIcon29x29~ipad.png
copying file ./AppIcon40x40@2x.png ... 
2018-06-24 07:10:52 +0000  2389 bytes for ./AppIcon40x40@2x.png
copying file ./AppIcon40x40@2x~ipad.png ... 
2018-06-24 07:10:52 +0000  2389 bytes for ./AppIcon40x40@2x~ipad.png
copying file ./AppIcon40x40@3x.png ... 
2018-06-24 07:10:52 +0000  3364 bytes for ./AppIcon40x40@3x.png
copying file ./AppIcon40x40~ipad.png ... 
2018-06-24 07:10:52 +0000  1304 bytes for ./AppIcon40x40~ipad.png
copying file ./AppIcon60x60@2x.png ... 
2018-06-24 07:10:52 +0000  3364 bytes for ./AppIcon60x60@2x.png
copying file ./AppIcon60x60@3x.png ... 
2018-06-24 07:10:52 +0000  4812 bytes for ./AppIcon60x60@3x.png
2018-06-24 07:10:52 +0000  copying file ./AppIcon76x76@2x~ipad.png ... 
4121 bytes for ./AppIcon76x76@2x~ipad.png
copying file ./AppIcon76x76~ipad.png ... 
2018-06-24 07:10:52 +0000  2357 bytes for ./AppIcon76x76~ipad.png
copying file ./AppIcon83.5x83.5@2x~ipad.png ... 
2018-06-24 07:10:52 +0000  4539 bytes for ./AppIcon83.5x83.5@2x~ipad.png
copying file ./Assets.car ... 
2018-06-24 07:10:52 +0000  111560 bytes for ./Assets.car
2018-06-24 07:10:52 +0000  copying file ./Base.lproj/LaunchScreen.storyboardc/01J-lp-oVM-view-Ze5-6b-2t3.nib ... 
2018-06-24 07:10:52 +0000  2154 bytes for ./Base.lproj/LaunchScreen.storyboardc/01J-lp-oVM-view-Ze5-6b-2t3.nib
copying file ./Base.lproj/LaunchScreen.storyboardc/Info.plist ... 
2018-06-24 07:10:52 +0000  258 bytes for ./Base.lproj/LaunchScreen.storyboardc/Info.plist
copying file ./Base.lproj/LaunchScreen.storyboardc/UIViewController-01J-lp-oVM.nib ... 
2018-06-24 07:10:52 +0000  832 bytes for ./Base.lproj/LaunchScreen.storyboardc/UIViewController-01J-lp-oVM.nib
2018-06-24 07:10:52 +0000  copying file ./Base.lproj/Main.storyboardc/BYZ-38-t0r-view-8bC-Xf-vdC.nib ... 
2018-06-24 07:10:52 +0000  1790 bytes for ./Base.lproj/Main.storyboardc/BYZ-38-t0r-view-8bC-Xf-vdC.nib
copying file ./Base.lproj/Main.storyboardc/Info.plist ... 
2018-06-24 07:10:52 +0000  258 bytes for ./Base.lproj/Main.storyboardc/Info.plist
copying file ./Base.lproj/Main.storyboardc/UIViewController-BYZ-38-t0r.nib ... 
2018-06-24 07:10:52 +0000  923 bytes for ./Base.lproj/Main.storyboardc/UIViewController-BYZ-38-t0r.nib
2018-06-24 07:10:52 +0000  copying file ./Debug.xcconfig ... 
2018-06-24 07:10:52 +0000  106 bytes for ./Debug.xcconfig
copying file ./embedded.mobileprovision ... 
2018-06-24 07:10:52 +0000  7709 bytes for ./embedded.mobileprovision
2018-06-24 07:10:52 +0000  copying file ./FacebookSDKStrings.bundle/Resources/af.lproj/FacebookSDK.strings ... 
2018-06-24 07:10:52 +0000  5014 bytes for ./FacebookSDKStrings.bundle/Resources/af.lproj/FacebookSDK.strings
2018-06-24 07:10:52 +0000  copying file ./FacebookSDKStrings.bundle/Resources/ar.lproj/FacebookSDK.strings ... 
2018-06-24 07:10:52 +0000  5603 bytes for ./FacebookSDKStrings.bundle/Resources/ar.lproj/FacebookSDK.strings
2018-06-24 07:10:52 +0000  copying file ./FacebookSDKStrings.bundle/Resources/bn.lproj/FacebookSDK.strings ... 
2018-06-24 07:10:52 +0000  7025 bytes for ./FacebookSDKStrings.bundle/Resources/bn.lproj/FacebookSDK.strings
2018-06-24 07:10:52 +0000  copying file ./FacebookSDKStrings.bundle/Resources/cs.lproj/FacebookSDK.strings ... 
2018-06-24 07:10:52 +0000  5115 bytes for ./FacebookSDKStrings.bundle/Resources/cs.lproj/FacebookSDK.strings
2018-06-24 07:10:52 +0000  copying file ./FacebookSDKStrings.bundle/Resources/da.lproj/FacebookSDK.strings ... 
2018-06-24 07:10:52 +0000  4975 bytes for ./FacebookSDKStrings.bundle/Resources/da.lproj/FacebookSDK.strings
2018-06-24 07:10:52 +0000  copying file ./FacebookSDKStrings.bundle/Resources/de.lproj/FacebookSDK.strings ... 
2018-06-24 07:10:52 +0000  5174 bytes for ./FacebookSDKStrings.bundle/Resources/de.lproj/FacebookSDK.strings
2018-06-24 07:10:52 +0000  copying file ./FacebookSDKStrings.bundle/Resources/el.lproj/FacebookSDK.strings ... 
2018-06-24 07:10:52 +0000  6162 bytes for ./FacebookSDKStrings.bundle/Resources/el.lproj/FacebookSDK.strings
2018-06-24 07:10:52 +0000  copying file ./FacebookSDKStrings.bundle/Resources/en.lproj/FacebookSDK.strings ... 
2018-06-24 07:10:52 +0000  9126 bytes for ./FacebookSDKStrings.bundle/Resources/en.lproj/FacebookSDK.strings
2018-06-24 07:10:52 +0000  copying file ./FacebookSDKStrings.bundle/Resources/en_GB.lproj/FacebookSDK.strings ... 
2018-06-24 07:10:52 +0000  4509 bytes for ./FacebookSDKStrings.bundle/Resources/en_GB.lproj/FacebookSDK.strings
2018-06-24 07:10:52 +0000  copying file ./FacebookSDKStrings.bundle/Resources/es.lproj/FacebookSDK.strings ... 
2018-06-24 07:10:52 +0000  5110 bytes for ./FacebookSDKStrings.bundle/Resources/es.lproj/FacebookSDK.strings
2018-06-24 07:10:52 +0000  copying file ./FacebookSDKStrings.bundle/Resources/es_ES.lproj/FacebookSDK.strings ... 
2018-06-24 07:10:52 +0000  5128 bytes for ./FacebookSDKStrings.bundle/Resources/es_ES.lproj/FacebookSDK.strings
2018-06-24 07:10:52 +0000  copying file ./FacebookSDKStrings.bundle/Resources/fi.lproj/FacebookSDK.strings ... 
2018-06-24 07:10:52 +0000  5096 bytes for ./FacebookSDKStrings.bundle/Resources/fi.lproj/FacebookSDK.strings
2018-06-24 07:10:52 +0000  copying file ./FacebookSDKStrings.bundle/Resources/fil.lproj/FacebookSDK.strings ... 
2018-06-24 07:10:52 +0000  5137 bytes for ./FacebookSDKStrings.bundle/Resources/fil.lproj/FacebookSDK.strings
2018-06-24 07:10:52 +0000  copying file ./FacebookSDKStrings.bundle/Resources/fr.lproj/FacebookSDK.strings ... 
2018-06-24 07:10:52 +0000  5228 bytes for ./FacebookSDKStrings.bundle/Resources/fr.lproj/FacebookSDK.strings
2018-06-24 07:10:52 +0000  copying file ./FacebookSDKStrings.bundle/Resources/gu.lproj/FacebookSDK.strings ... 
2018-06-24 07:10:52 +0000  6757 bytes for ./FacebookSDKStrings.bundle/Resources/gu.lproj/FacebookSDK.strings
2018-06-24 07:10:52 +0000  copying file ./FacebookSDKStrings.bundle/Resources/he.lproj/FacebookSDK.strings ... 
2018-06-24 07:10:52 +0000  5282 bytes for ./FacebookSDKStrings.bundle/Resources/he.lproj/FacebookSDK.strings
2018-06-24 07:10:52 +0000  copying file ./FacebookSDKStrings.bundle/Resources/hi.lproj/FacebookSDK.strings ... 
2018-06-24 07:10:52 +0000  6785 bytes for ./FacebookSDKStrings.bundle/Resources/hi.lproj/FacebookSDK.strings
2018-06-24 07:10:52 +0000  copying file ./FacebookSDKStrings.bundle/Resources/hr.lproj/FacebookSDK.strings ... 
2018-06-24 07:10:52 +0000  4978 bytes for ./FacebookSDKStrings.bundle/Resources/hr.lproj/FacebookSDK.strings
2018-06-24 07:10:52 +0000  copying file ./FacebookSDKStrings.bundle/Resources/hu.lproj/FacebookSDK.strings ... 
2018-06-24 07:10:52 +0000  5233 bytes for ./FacebookSDKStrings.bundle/Resources/hu.lproj/FacebookSDK.strings
2018-06-24 07:10:52 +0000  copying file ./FacebookSDKStrings.bundle/Resources/id.lproj/FacebookSDK.strings ... 
2018-06-24 07:10:52 +0000  4932 bytes for ./FacebookSDKStrings.bundle/Resources/id.lproj/FacebookSDK.strings
2018-06-24 07:10:52 +0000  copying file ./FacebookSDKStrings.bundle/Resources/it.lproj/FacebookSDK.strings ... 
2018-06-24 07:10:52 +0000  5016 bytes for ./FacebookSDKStrings.bundle/Resources/it.lproj/FacebookSDK.strings
2018-06-24 07:10:52 +0000  copying file ./FacebookSDKStrings.bundle/Resources/ja.lproj/FacebookSDK.strings ... 
2018-06-24 07:10:52 +0000  5419 bytes for ./FacebookSDKStrings.bundle/Resources/ja.lproj/FacebookSDK.strings
2018-06-24 07:10:52 +0000  copying file ./FacebookSDKStrings.bundle/Resources/kn.lproj/FacebookSDK.strings ... 
2018-06-24 07:10:52 +0000  5977 bytes for ./FacebookSDKStrings.bundle/Resources/kn.lproj/FacebookSDK.strings
2018-06-24 07:10:52 +0000  copying file ./FacebookSDKStrings.bundle/Resources/ko.lproj/FacebookSDK.strings ... 
2018-06-24 07:10:52 +0000  5137 bytes for ./FacebookSDKStrings.bundle/Resources/ko.lproj/FacebookSDK.strings
2018-06-24 07:10:52 +0000  copying file ./FacebookSDKStrings.bundle/Resources/ml.lproj/FacebookSDK.strings ... 
2018-06-24 07:10:52 +0000  7388 bytes for ./FacebookSDKStrings.bundle/Resources/ml.lproj/FacebookSDK.strings
2018-06-24 07:10:52 +0000  copying file ./FacebookSDKStrings.bundle/Resources/mr.lproj/FacebookSDK.strings ... 
2018-06-24 07:10:52 +0000  6747 bytes for ./FacebookSDKStrings.bundle/Resources/mr.lproj/FacebookSDK.strings
2018-06-24 07:10:52 +0000  copying file ./FacebookSDKStrings.bundle/Resources/ms.lproj/FacebookSDK.strings ... 
2018-06-24 07:10:52 +0000  4990 bytes for ./FacebookSDKStrings.bundle/Resources/ms.lproj/FacebookSDK.strings
2018-06-24 07:10:52 +0000  copying file ./FacebookSDKStrings.bundle/Resources/nb.lproj/FacebookSDK.strings ... 
2018-06-24 07:10:52 +0000  4911 bytes for ./FacebookSDKStrings.bundle/Resources/nb.lproj/FacebookSDK.strings
2018-06-24 07:10:52 +0000  copying file ./FacebookSDKStrings.bundle/Resources/nl.lproj/FacebookSDK.strings ... 
2018-06-24 07:10:52 +0000  5014 bytes for ./FacebookSDKStrings.bundle/Resources/nl.lproj/FacebookSDK.strings
2018-06-24 07:10:52 +0000  copying file ./FacebookSDKStrings.bundle/Resources/pa.lproj/FacebookSDK.strings ... 
2018-06-24 07:10:52 +0000  6874 bytes for ./FacebookSDKStrings.bundle/Resources/pa.lproj/FacebookSDK.strings
2018-06-24 07:10:52 +0000  copying file ./FacebookSDKStrings.bundle/Resources/pl.lproj/FacebookSDK.strings ... 
2018-06-24 07:10:52 +0000  5086 bytes for ./FacebookSDKStrings.bundle/Resources/pl.lproj/FacebookSDK.strings
2018-06-24 07:10:52 +0000  copying file ./FacebookSDKStrings.bundle/Resources/pt.lproj/FacebookSDK.strings ... 
2018-06-24 07:10:52 +0000  5043 bytes for ./FacebookSDKStrings.bundle/Resources/pt.lproj/FacebookSDK.strings
2018-06-24 07:10:52 +0000  copying file ./FacebookSDKStrings.bundle/Resources/pt_PT.lproj/FacebookSDK.strings ... 
2018-06-24 07:10:52 +0000  5139 bytes for ./FacebookSDKStrings.bundle/Resources/pt_PT.lproj/FacebookSDK.strings
2018-06-24 07:10:52 +0000  copying file ./FacebookSDKStrings.bundle/Resources/ru.lproj/FacebookSDK.strings ... 
2018-06-24 07:10:52 +0000  5711 bytes for ./FacebookSDKStrings.bundle/Resources/ru.lproj/FacebookSDK.strings
2018-06-24 07:10:52 +0000  copying file ./FacebookSDKStrings.bundle/Resources/sk.lproj/FacebookSDK.strings ... 
2018-06-24 07:10:52 +0000  5130 bytes for ./FacebookSDKStrings.bundle/Resources/sk.lproj/FacebookSDK.strings
2018-06-24 07:10:52 +0000  copying file ./FacebookSDKStrings.bundle/Resources/sv.lproj/FacebookSDK.strings ... 
2018-06-24 07:10:52 +0000  4940 bytes for ./FacebookSDKStrings.bundle/Resources/sv.lproj/FacebookSDK.strings
2018-06-24 07:10:52 +0000  copying file ./FacebookSDKStrings.bundle/Resources/ta.lproj/FacebookSDK.strings ... 
2018-06-24 07:10:52 +0000  7039 bytes for ./FacebookSDKStrings.bundle/Resources/ta.lproj/FacebookSDK.strings
2018-06-24 07:10:52 +0000  copying file ./FacebookSDKStrings.bundle/Resources/te.lproj/FacebookSDK.strings ... 
2018-06-24 07:10:52 +0000  7083 bytes for ./FacebookSDKStrings.bundle/Resources/te.lproj/FacebookSDK.strings
2018-06-24 07:10:52 +0000  copying file ./FacebookSDKStrings.bundle/Resources/th.lproj/FacebookSDK.strings ... 
2018-06-24 07:10:52 +0000  6758 bytes for ./FacebookSDKStrings.bundle/Resources/th.lproj/FacebookSDK.strings
2018-06-24 07:10:52 +0000  copying file ./FacebookSDKStrings.bundle/Resources/tr.lproj/FacebookSDK.strings ... 
2018-06-24 07:10:52 +0000  5006 bytes for ./FacebookSDKStrings.bundle/Resources/tr.lproj/FacebookSDK.strings
2018-06-24 07:10:52 +0000  copying file ./FacebookSDKStrings.bundle/Resources/vi.lproj/FacebookSDK.strings ... 
2018-06-24 07:10:52 +0000  5393 bytes for ./FacebookSDKStrings.bundle/Resources/vi.lproj/FacebookSDK.strings
2018-06-24 07:10:52 +0000  copying file ./FacebookSDKStrings.bundle/Resources/zh.lproj/FacebookSDK.strings ... 
2018-06-24 07:10:52 +0000  4833 bytes for ./FacebookSDKStrings.bundle/Resources/zh.lproj/FacebookSDK.strings
2018-06-24 07:10:52 +0000  copying file ./FacebookSDKStrings.bundle/Resources/zh_Hant_HK.lproj/FacebookSDK.strings ... 
2018-06-24 07:10:52 +0000  4853 bytes for ./FacebookSDKStrings.bundle/Resources/zh_Hant_HK.lproj/FacebookSDK.strings
2018-06-24 07:10:52 +0000  copying file ./FacebookSDKStrings.bundle/Resources/zh_Hant_TW.lproj/FacebookSDK.strings ... 
2018-06-24 07:10:52 +0000  4891 bytes for ./FacebookSDKStrings.bundle/Resources/zh_Hant_TW.lproj/FacebookSDK.strings
2018-06-24 07:10:52 +0000  copying file ./flutter_assets/AssetManifest.json ... 
2018-06-24 07:10:52 +0000  1917 bytes for ./flutter_assets/AssetManifest.json
2018-06-24 07:10:52 +0000  copying file ./flutter_assets/assets/images/empty-cart.png ... 
2018-06-24 07:10:52 +0000  18623 bytes for ./flutter_assets/assets/images/empty-cart.png
copying file ./flutter_assets/assets/images/empty-favorites.png ... 
2018-06-24 07:10:52 +0000  41478 bytes for ./flutter_assets/assets/images/empty-favorites.png
copying file ./flutter_assets/assets/images/empty-previous.png ... 
2018-06-24 07:10:52 +0000  44068 bytes for ./flutter_assets/assets/images/empty-previous.png
copying file ./flutter_assets/assets/images/google_signin_button.png ... 
2018-06-24 07:10:52 +0000  8613 bytes for ./flutter_assets/assets/images/google_signin_button.png
copying file ./flutter_assets/assets/images/ndm_logo.png ... 
2018-06-24 07:10:52 +0000  15807 bytes for ./flutter_assets/assets/images/ndm_logo.png
copying file ./flutter_assets/assets/images/order_card.jpg ... 
2018-06-24 07:10:52 +0000  845236 bytes for ./flutter_assets/assets/images/order_card.jpg
copying file ./flutter_assets/assets/images/special.jpg ... 
2018-06-24 07:10:52 +0000  267275 bytes for ./flutter_assets/assets/images/special.jpg
2018-06-24 07:10:52 +0000  copying file ./flutter_assets/FontManifest.json ... 
2018-06-24 07:10:52 +0000  289 bytes for ./flutter_assets/FontManifest.json
2018-06-24 07:10:52 +0000  copying file ./flutter_assets/fonts/MaterialIcons-Regular.ttf ... 
2018-06-24 07:10:52 +0000  134640 bytes for ./flutter_assets/fonts/MaterialIcons-Regular.ttf
2018-06-24 07:10:52 +0000  copying file ./flutter_assets/LICENSE ... 
2018-06-24 07:10:52 +0000  618922 bytes for ./flutter_assets/LICENSE
2018-06-24 07:10:52 +0000  copying file ./flutter_assets/packages/cupertino_icons/assets/CupertinoIcons.ttf ... 
2018-06-24 07:10:52 +0000  97680 bytes for ./flutter_assets/packages/cupertino_icons/assets/CupertinoIcons.ttf
2018-06-24 07:10:52 +0000  copying file ./flutter_assets/packages/flutter_firebase_ui/assets/2.0x/email-logo.png ... 
2018-06-24 07:10:52 +0000  1876 bytes for ./flutter_assets/packages/flutter_firebase_ui/assets/2.0x/email-logo.png
copying file ./flutter_assets/packages/flutter_firebase_ui/assets/2.0x/fb-logo.png ... 
2018-06-24 07:10:52 +0000  1346 bytes for ./flutter_assets/packages/flutter_firebase_ui/assets/2.0x/fb-logo.png
copying file ./flutter_assets/packages/flutter_firebase_ui/assets/2.0x/go-logo.png ... 
2018-06-24 07:10:52 +0000  1221 bytes for ./flutter_assets/packages/flutter_firebase_ui/assets/2.0x/go-logo.png
copying file ./flutter_assets/packages/flutter_firebase_ui/assets/3.0x/email-logo.png ... 
2018-06-24 07:10:52 +0000  2376 bytes for ./flutter_assets/packages/flutter_firebase_ui/assets/3.0x/email-logo.png
copying file ./flutter_assets/packages/flutter_firebase_ui/assets/3.0x/fb-logo.png ... 
2018-06-24 07:10:52 +0000  3494 bytes for ./flutter_assets/packages/flutter_firebase_ui/assets/3.0x/fb-logo.png
copying file ./flutter_assets/packages/flutter_firebase_ui/assets/3.0x/go-logo.png ... 
2018-06-24 07:10:52 +0000  3666 bytes for ./flutter_assets/packages/flutter_firebase_ui/assets/3.0x/go-logo.png
copying file ./flutter_assets/packages/flutter_firebase_ui/assets/email-logo.png ... 
2018-06-24 07:10:52 +0000  1356 bytes for ./flutter_assets/packages/flutter_firebase_ui/assets/email-logo.png
copying file ./flutter_assets/packages/flutter_firebase_ui/assets/fb-logo.png ... 
2018-06-24 07:10:52 +0000  1201 bytes for ./flutter_assets/packages/flutter_firebase_ui/assets/fb-logo.png
copying file ./flutter_assets/packages/flutter_firebase_ui/assets/go-logo.png ... 
2018-06-24 07:10:52 +0000  728 bytes for ./flutter_assets/packages/flutter_firebase_ui/assets/go-logo.png
2018-06-24 07:10:52 +0000  copying file ./Frameworks/App.framework/_CodeSignature/CodeResources ... 
2018-06-24 07:10:52 +0000  2202 bytes for ./Frameworks/App.framework/_CodeSignature/CodeResources
copying file ./Frameworks/App.framework/App ... 
2018-06-24 07:10:52 +0000  26009200 bytes for ./Frameworks/App.framework/App
copying file ./Frameworks/App.framework/Info.plist ... 
2018-06-24 07:10:52 +0000  773 bytes for ./Frameworks/App.framework/Info.plist
2018-06-24 07:10:52 +0000  copying file ./Frameworks/Flutter.framework/_CodeSignature/CodeResources ... 
2018-06-24 07:10:52 +0000  2488 bytes for ./Frameworks/Flutter.framework/_CodeSignature/CodeResources
copying file ./Frameworks/Flutter.framework/Flutter ... 
2018-06-24 07:10:52 +0000  21772672 bytes for ./Frameworks/Flutter.framework/Flutter
copying file ./Frameworks/Flutter.framework/icudtl.dat ... 
2018-06-24 07:10:52 +0000  6623360 bytes for ./Frameworks/Flutter.framework/icudtl.dat
copying file ./Frameworks/Flutter.framework/Info.plist ... 
2018-06-24 07:10:52 +0000  867 bytes for ./Frameworks/Flutter.framework/Info.plist
2018-06-24 07:10:52 +0000  copying file ./Generated.xcconfig ... 
2018-06-24 07:10:52 +0000  442 bytes for ./Generated.xcconfig
copying file ./GoogleService-Info.plist ... 
2018-06-24 07:10:52 +0000  889 bytes for ./GoogleService-Info.plist
2018-06-24 07:10:52 +0000  copying file ./GoogleSignIn.bundle/ar.lproj/GoogleSignIn.strings ... 
2018-06-24 07:10:52 +0000  823 bytes for ./GoogleSignIn.bundle/ar.lproj/GoogleSignIn.strings
2018-06-24 07:10:52 +0000  copying file ./GoogleSignIn.bundle/ca.lproj/GoogleSignIn.strings ... 
2018-06-24 07:10:52 +0000  766 bytes for ./GoogleSignIn.bundle/ca.lproj/GoogleSignIn.strings
copying file ./GoogleSignIn.bundle/cs.lproj/GoogleSignIn.strings ... 
2018-06-24 07:10:52 +0000  735 bytes for ./GoogleSignIn.bundle/cs.lproj/GoogleSignIn.strings
copying file ./GoogleSignIn.bundle/da.lproj/GoogleSignIn.strings ... 
2018-06-24 07:10:52 +0000  670 bytes for ./GoogleSignIn.bundle/da.lproj/GoogleSignIn.strings
2018-06-24 07:10:52 +0000  copying file ./GoogleSignIn.bundle/de.lproj/GoogleSignIn.strings ... 
723 bytes for ./GoogleSignIn.bundle/de.lproj/GoogleSignIn.strings
2018-06-24 07:10:52 +0000  copying file ./GoogleSignIn.bundle/el.lproj/GoogleSignIn.strings ... 
871 bytes for ./GoogleSignIn.bundle/el.lproj/GoogleSignIn.strings
2018-06-24 07:10:52 +0000  copying file ./GoogleSignIn.bundle/en.lproj/GoogleSignIn.strings ... 
2018-06-24 07:10:52 +0000  658 bytes for ./GoogleSignIn.bundle/en.lproj/GoogleSignIn.strings
2018-06-24 07:10:52 +0000  copying file ./GoogleSignIn.bundle/en_GB.lproj/GoogleSignIn.strings ... 
2018-06-24 07:10:52 +0000  658 bytes for ./GoogleSignIn.bundle/en_GB.lproj/GoogleSignIn.strings
copying file ./GoogleSignIn.bundle/es.lproj/GoogleSignIn.strings ... 
2018-06-24 07:10:52 +0000  724 bytes for ./GoogleSignIn.bundle/es.lproj/GoogleSignIn.strings
copying file ./GoogleSignIn.bundle/es_MX.lproj/GoogleSignIn.strings ... 
2018-06-24 07:10:52 +0000  665 bytes for ./GoogleSignIn.bundle/es_MX.lproj/GoogleSignIn.strings
2018-06-24 07:10:52 +0000  copying file ./GoogleSignIn.bundle/fi.lproj/GoogleSignIn.strings ... 
2018-06-24 07:10:52 +0000  709 bytes for ./GoogleSignIn.bundle/fi.lproj/GoogleSignIn.strings
2018-06-24 07:10:52 +0000  copying file ./GoogleSignIn.bundle/fr.lproj/GoogleSignIn.strings ... 
2018-06-24 07:10:52 +0000  728 bytes for ./GoogleSignIn.bundle/fr.lproj/GoogleSignIn.strings
2018-06-24 07:10:52 +0000  copying file ./GoogleSignIn.bundle/google.png ... 
2018-06-24 07:10:52 +0000  572 bytes for ./GoogleSignIn.bundle/google.png
copying file ./GoogleSignIn.bundle/google@2x.png ... 
2018-06-24 07:10:52 +0000  987 bytes for ./GoogleSignIn.bundle/google@2x.png
copying file ./GoogleSignIn.bundle/google@3x.png ... 
2018-06-24 07:10:52 +0000  1622 bytes for ./GoogleSignIn.bundle/google@3x.png
2018-06-24 07:10:52 +0000  copying file ./GoogleSignIn.bundle/he.lproj/GoogleSignIn.strings ... 
2018-06-24 07:10:52 +0000  748 bytes for ./GoogleSignIn.bundle/he.lproj/GoogleSignIn.strings
2018-06-24 07:10:52 +0000  copying file ./GoogleSignIn.bundle/hr.lproj/GoogleSignIn.strings ... 
2018-06-24 07:10:52 +0000  697 bytes for ./GoogleSignIn.bundle/hr.lproj/GoogleSignIn.strings
copying file ./GoogleSignIn.bundle/hu.lproj/GoogleSignIn.strings ... 
2018-06-24 07:10:52 +0000  748 bytes for ./GoogleSignIn.bundle/hu.lproj/GoogleSignIn.strings
2018-06-24 07:10:52 +0000  copying file ./GoogleSignIn.bundle/id.lproj/GoogleSignIn.strings ... 
2018-06-24 07:10:52 +0000  654 bytes for ./GoogleSignIn.bundle/id.lproj/GoogleSignIn.strings
copying file ./GoogleSignIn.bundle/Info.plist ... 
2018-06-24 07:10:52 +0000  729 bytes for ./GoogleSignIn.bundle/Info.plist
2018-06-24 07:10:52 +0000  copying file ./GoogleSignIn.bundle/it.lproj/GoogleSignIn.strings ... 
2018-06-24 07:10:52 +0000  671 bytes for ./GoogleSignIn.bundle/it.lproj/GoogleSignIn.strings
copying file ./GoogleSignIn.bundle/ja.lproj/GoogleSignIn.strings ... 
2018-06-24 07:10:52 +0000  765 bytes for ./GoogleSignIn.bundle/ja.lproj/GoogleSignIn.strings
2018-06-24 07:10:52 +0000  copying file ./GoogleSignIn.bundle/ko.lproj/GoogleSignIn.strings ... 
2018-06-24 07:10:52 +0000  719 bytes for ./GoogleSignIn.bundle/ko.lproj/GoogleSignIn.strings
2018-06-24 07:10:52 +0000  copying file ./GoogleSignIn.bundle/ms.lproj/GoogleSignIn.strings ... 
2018-06-24 07:10:52 +0000  687 bytes for ./GoogleSignIn.bundle/ms.lproj/GoogleSignIn.strings
2018-06-24 07:10:52 +0000  copying file ./GoogleSignIn.bundle/nb.lproj/GoogleSignIn.strings ... 
2018-06-24 07:10:52 +0000  670 bytes for ./GoogleSignIn.bundle/nb.lproj/GoogleSignIn.strings
copying file ./GoogleSignIn.bundle/nl.lproj/GoogleSignIn.strings ... 
2018-06-24 07:10:52 +0000  683 bytes for ./GoogleSignIn.bundle/nl.lproj/GoogleSignIn.strings
2018-06-24 07:10:52 +0000  copying file ./GoogleSignIn.bundle/pl.lproj/GoogleSignIn.strings ... 
2018-06-24 07:10:52 +0000  697 bytes for ./GoogleSignIn.bundle/pl.lproj/GoogleSignIn.strings
2018-06-24 07:10:52 +0000  copying file ./GoogleSignIn.bundle/pt.lproj/GoogleSignIn.strings ... 
2018-06-24 07:10:52 +0000  717 bytes for ./GoogleSignIn.bundle/pt.lproj/GoogleSignIn.strings
2018-06-24 07:10:52 +0000  copying file ./GoogleSignIn.bundle/pt_BR.lproj/GoogleSignIn.strings ... 
2018-06-24 07:10:52 +0000  717 bytes for ./GoogleSignIn.bundle/pt_BR.lproj/GoogleSignIn.strings
2018-06-24 07:10:52 +0000  copying file ./GoogleSignIn.bundle/pt_PT.lproj/GoogleSignIn.strings ... 
2018-06-24 07:10:52 +0000  725 bytes for ./GoogleSignIn.bundle/pt_PT.lproj/GoogleSignIn.strings
2018-06-24 07:10:52 +0000  copying file ./GoogleSignIn.bundle/ro.lproj/GoogleSignIn.strings ... 
2018-06-24 07:10:52 +0000  719 bytes for ./GoogleSignIn.bundle/ro.lproj/GoogleSignIn.strings
copying file ./GoogleSignIn.bundle/Roboto-Bold.ttf ... 
2018-06-24 07:10:52 +0000  127744 bytes for ./GoogleSignIn.bundle/Roboto-Bold.ttf
2018-06-24 07:10:52 +0000  copying file ./GoogleSignIn.bundle/ru.lproj/GoogleSignIn.strings ... 
2018-06-24 07:10:52 +0000  844 bytes for ./GoogleSignIn.bundle/ru.lproj/GoogleSignIn.strings
2018-06-24 07:10:52 +0000  copying file ./GoogleSignIn.bundle/sk.lproj/GoogleSignIn.strings ... 
2018-06-24 07:10:52 +0000  753 bytes for ./GoogleSignIn.bundle/sk.lproj/GoogleSignIn.strings
2018-06-24 07:10:52 +0000  copying file ./GoogleSignIn.bundle/sv.lproj/GoogleSignIn.strings ... 
2018-06-24 07:10:52 +0000  687 bytes for ./GoogleSignIn.bundle/sv.lproj/GoogleSignIn.strings
2018-06-24 07:10:52 +0000  copying file ./GoogleSignIn.bundle/th.lproj/GoogleSignIn.strings ... 
2018-06-24 07:10:52 +0000  934 bytes for ./GoogleSignIn.bundle/th.lproj/GoogleSignIn.strings
2018-06-24 07:10:52 +0000  copying file ./GoogleSignIn.bundle/tr.lproj/GoogleSignIn.strings ... 
2018-06-24 07:10:52 +0000  695 bytes for ./GoogleSignIn.bundle/tr.lproj/GoogleSignIn.strings
2018-06-24 07:10:52 +0000  copying file ./GoogleSignIn.bundle/uk.lproj/GoogleSignIn.strings ... 
2018-06-24 07:10:52 +0000  874 bytes for ./GoogleSignIn.bundle/uk.lproj/GoogleSignIn.strings
2018-06-24 07:10:52 +0000  copying file ./GoogleSignIn.bundle/vi.lproj/GoogleSignIn.strings ... 
2018-06-24 07:10:52 +0000  743 bytes for ./GoogleSignIn.bundle/vi.lproj/GoogleSignIn.strings
2018-06-24 07:10:52 +0000  copying file ./GoogleSignIn.bundle/zh_CN.lproj/GoogleSignIn.strings ... 
2018-06-24 07:10:52 +0000  702 bytes for ./GoogleSignIn.bundle/zh_CN.lproj/GoogleSignIn.strings
2018-06-24 07:10:52 +0000  copying file ./GoogleSignIn.bundle/zh_TW.lproj/GoogleSignIn.strings ... 
2018-06-24 07:10:52 +0000  674 bytes for ./GoogleSignIn.bundle/zh_TW.lproj/GoogleSignIn.strings
2018-06-24 07:10:52 +0000  copying file ./gRPCCertificates.bundle/Info.plist ... 
2018-06-24 07:10:52 +0000  732 bytes for ./gRPCCertificates.bundle/Info.plist
copying file ./gRPCCertificates.bundle/roots.pem ... 
2018-06-24 07:10:52 +0000  271610 bytes for ./gRPCCertificates.bundle/roots.pem
2018-06-24 07:10:52 +0000  copying file ./GTMOAuth2ViewTouch.nib ... 
2018-06-24 07:10:52 +0000  3652 bytes for ./GTMOAuth2ViewTouch.nib
copying file ./Info.plist ... 
2018-06-24 07:10:52 +0000  1710 bytes for ./Info.plist
copying file ./PkgInfo ... 
2018-06-24 07:10:52 +0000  8 bytes for ./PkgInfo
copying file ./Runner ... 
2018-06-24 07:10:52 +0000  12912160 bytes for ./Runner
2018-06-24 07:10:52 +0000  
2018-06-24 07:10:52 +0000  
2018-06-24 07:10:52 +0000  /usr/bin/ditto exited with 0
2018-06-24 07:10:52 +0000  
2018-06-24 07:10:52 +0000  
2018-06-24 07:10:52 +0000  Processing step: IDEDistributionEmbedProfileStep
2018-06-24 07:10:52 +0000  Skipping profile for item: <IDEDistributionItem: 0x7fe0dcd0c360 'io.flutter.flutter.app' '<DVTFilePath:0x7fe0f415c590:'/Users/andrew/Library/Developer/Xcode/Archives/2018-06-24/Runner 6-24-18, 3.09 AM.xcarchive/Products/Applications/Runner.app/Frameworks/App.framework'>'>
2018-06-24 07:10:52 +0000  Skipping profile for item: <IDEDistributionItem: 0x7fe0f1692b10 'io.flutter.flutter' '<DVTFilePath:0x7fe0f5481090:'/Users/andrew/Library/Developer/Xcode/Archives/2018-06-24/Runner 6-24-18, 3.09 AM.xcarchive/Products/Applications/Runner.app/Frameworks/Flutter.framework'>'>
2018-06-24 07:10:52 +0000  Processing step: IDEDistributionItemRemovalStep
2018-06-24 07:10:52 +0000  Processing step: IDEDistributionAppThinningPlistStep
2018-06-24 07:10:52 +0000  Skipping step: IDEDistributionAppThinningPlistStep because it said so
2018-06-24 07:10:52 +0000  Processing step: IDEDistributionCompileBitcodeStep
2018-06-24 07:10:52 +0000  Skipping step: IDEDistributionCompileBitcodeStep because it said so
2018-06-24 07:10:52 +0000  Processing step: IDEDistributionCodeSlimmingStep
2018-06-24 07:10:52 +0000  Processing step: IDEDistributionCopyBCSymbolMapsStep
2018-06-24 07:10:52 +0000  Skipping step: IDEDistributionCopyBCSymbolMapsStep because it said so
2018-06-24 07:10:52 +0000  Skipping step: IDEDistributionCopyBCSymbolMapsStep because it said so
2018-06-24 07:10:52 +0000  Skipping step: IDEDistributionCopyBCSymbolMapsStep because it said so
2018-06-24 07:10:52 +0000  Processing step: IDEDistributionSymbolsStep
2018-06-24 07:10:52 +0000  Skipping step: IDEDistributionSymbolsStep because it said so
2018-06-24 07:10:52 +0000  Skipping step: IDEDistributionSymbolsStep because it said so
2018-06-24 07:10:52 +0000  Skipping step: IDEDistributionSymbolsStep because it said so
2018-06-24 07:10:52 +0000  Processing step: IDEDistributionCopyAppleProvidedContentStep
2018-06-24 07:10:52 +0000  Processing step: IDEDistributionAppThinningStep
2018-06-24 07:10:52 +0000  Skipping step: IDEDistributionAppThinningStep because it said so
2018-06-24 07:10:52 +0000  Processing step: IDEDistributionODRStep
2018-06-24 07:10:52 +0000  Processing step: IDEDistributionStripXattrsStep
2018-06-24 07:10:52 +0000  Skipping stripping extended attributes of item: <IDEDistributionItem: 0x7fe0dcd0c360 'io.flutter.flutter.app' '<DVTFilePath:0x7fe0f415c590:'/Users/andrew/Library/Developer/Xcode/Archives/2018-06-24/Runner 6-24-18, 3.09 AM.xcarchive/Products/Applications/Runner.app/Frameworks/App.framework'>'>
2018-06-24 07:10:52 +0000  Skipping stripping extended attributes of item: <IDEDistributionItem: 0x7fe0f1692b10 'io.flutter.flutter' '<DVTFilePath:0x7fe0f5481090:'/Users/andrew/Library/Developer/Xcode/Archives/2018-06-24/Runner 6-24-18, 3.09 AM.xcarchive/Products/Applications/Runner.app/Frameworks/Flutter.framework'>'>
2018-06-24 07:10:52 +0000  Running /usr/bin/xattr '-crs' '/var/folders/4k/k3223hc175l4ljx6ng5f5rtc0000gn/T/XcodeDistPipeline.Vf9/Root/Payload/Runner.app'
2018-06-24 07:10:52 +0000  
2018-06-24 07:10:52 +0000  2018-06-24 07:10:52 +0000  /usr/bin/xattr exited with 0

2018-06-24 07:10:52 +0000  2018-06-24 07:10:52 +0000  

2018-06-24 07:10:52 +0000  Processing step: IDEDistributionCodesignStep
2018-06-24 07:10:52 +0000  Entitlements for <IDEDistributionItem: 0x7fe0dcd0c360 'io.flutter.flutter.app' '<DVTFilePath:0x7fe0f415c590:'/Users/andrew/Library/Developer/Xcode/Archives/2018-06-24/Runner 6-24-18, 3.09 AM.xcarchive/Products/Applications/Runner.app/Frameworks/App.framework'>'>: {
}
2018-06-24 07:10:52 +0000  Writing entitlements for <IDEDistributionItem: 0x7fe0dcd0c360 'io.flutter.flutter.app' '<DVTFilePath:0x7fe0f415c590:'/Users/andrew/Library/Developer/Xcode/Archives/2018-06-24/Runner 6-24-18, 3.09 AM.xcarchive/Products/Applications/Runner.app/Frameworks/App.framework'>'> to: /var/folders/4k/k3223hc175l4ljx6ng5f5rtc0000gn/T/XcodeDistPipeline.Vf9/entitlementsyXOGjS
2018-06-24 07:10:52 +0000  Running /usr/bin/codesign '-vvv' '--force' '--sign' 'D94C415BDC2CB7325CAA00709A9481E610DD0082' '--preserve-metadata=identifier,flags' '--entitlements' '/var/folders/4k/k3223hc175l4ljx6ng5f5rtc0000gn/T/XcodeDistPipeline.Vf9/entitlementsyXOGjS' '/var/folders/4k/k3223hc175l4ljx6ng5f5rtc0000gn/T/XcodeDistPipeline.Vf9/Root/Payload/Runner.app/Frameworks/App.framework'
2018-06-24 07:10:52 +0000  /var/folders/4k/k3223hc175l4ljx6ng5f5rtc0000gn/T/XcodeDistPipeline.Vf9/Root/Payload/Runner.app/Frameworks/App.framework: replacing existing signature
2018-06-24 07:10:53 +0000  /var/folders/4k/k3223hc175l4ljx6ng5f5rtc0000gn/T/XcodeDistPipeline.Vf9/Root/Payload/Runner.app/Frameworks/App.framework: signed bundle with Mach-O universal (armv7 arm64) [io.flutter.flutter.app]
2018-06-24 07:10:53 +0000  
2018-06-24 07:10:53 +0000  
2018-06-24 07:10:53 +0000  
2018-06-24 07:10:53 +0000  /usr/bin/codesign exited with 0
2018-06-24 07:10:53 +0000  
2018-06-24 07:10:53 +0000  
2018-06-24 07:10:53 +0000  Entitlements for <IDEDistributionItem: 0x7fe0f1692b10 'io.flutter.flutter' '<DVTFilePath:0x7fe0f5481090:'/Users/andrew/Library/Developer/Xcode/Archives/2018-06-24/Runner 6-24-18, 3.09 AM.xcarchive/Products/Applications/Runner.app/Frameworks/Flutter.framework'>'>: {
}
2018-06-24 07:10:53 +0000  Writing entitlements for <IDEDistributionItem: 0x7fe0f1692b10 'io.flutter.flutter' '<DVTFilePath:0x7fe0f5481090:'/Users/andrew/Library/Developer/Xcode/Archives/2018-06-24/Runner 6-24-18, 3.09 AM.xcarchive/Products/Applications/Runner.app/Frameworks/Flutter.framework'>'> to: /var/folders/4k/k3223hc175l4ljx6ng5f5rtc0000gn/T/XcodeDistPipeline.Vf9/entitlementsOplXSL
2018-06-24 07:10:53 +0000  Running /usr/bin/codesign '-vvv' '--force' '--sign' 'D94C415BDC2CB7325CAA00709A9481E610DD0082' '--preserve-metadata=identifier,flags' '--entitlements' '/var/folders/4k/k3223hc175l4ljx6ng5f5rtc0000gn/T/XcodeDistPipeline.Vf9/entitlementsOplXSL' '/var/folders/4k/k3223hc175l4ljx6ng5f5rtc0000gn/T/XcodeDistPipeline.Vf9/Root/Payload/Runner.app/Frameworks/Flutter.framework'
2018-06-24 07:10:53 +0000  /var/folders/4k/k3223hc175l4ljx6ng5f5rtc0000gn/T/XcodeDistPipeline.Vf9/Root/Payload/Runner.app/Frameworks/Flutter.framework: replacing existing signature
2018-06-24 07:10:53 +0000  /var/folders/4k/k3223hc175l4ljx6ng5f5rtc0000gn/T/XcodeDistPipeline.Vf9/Root/Payload/Runner.app/Frameworks/Flutter.framework: signed bundle with Mach-O universal (armv7 arm64) [io.flutter.flutter]
2018-06-24 07:10:53 +0000  
2018-06-24 07:10:53 +0000  
2018-06-24 07:10:53 +0000  2018-06-24 07:10:53 +0000  /usr/bin/codesign exited with 0

2018-06-24 07:10:53 +0000  
2018-06-24 07:10:53 +0000  Entitlements for <IDEDistributionItem: 0x7fe0db152ed0 'com.nerodigitalmarketing.neroRestaurant' '<DVTFilePath:0x7fe0d706f440:'/Users/andrew/Library/Developer/Xcode/Archives/2018-06-24/Runner 6-24-18, 3.09 AM.xcarchive/Products/Applications/Runner.app'>'>: {
    "application-identifier" = "VNA8F738WF.com.nerodigitalmarketing.neroRestaurant";
    "aps-environment" = production;
    "beta-reports-active" = 1;
    "com.apple.developer.team-identifier" = VNA8F738WF;
    "get-task-allow" = 0;
}
2018-06-24 07:10:53 +0000  Writing entitlements for <IDEDistributionItem: 0x7fe0db152ed0 'com.nerodigitalmarketing.neroRestaurant' '<DVTFilePath:0x7fe0d706f440:'/Users/andrew/Library/Developer/Xcode/Archives/2018-06-24/Runner 6-24-18, 3.09 AM.xcarchive/Products/Applications/Runner.app'>'> to: /var/folders/4k/k3223hc175l4ljx6ng5f5rtc0000gn/T/XcodeDistPipeline.Vf9/entitlementsjhUImp
2018-06-24 07:10:53 +0000  Running /usr/bin/codesign '-vvv' '--force' '--sign' 'D94C415BDC2CB7325CAA00709A9481E610DD0082' '--preserve-metadata=identifier,flags' '--entitlements' '/var/folders/4k/k3223hc175l4ljx6ng5f5rtc0000gn/T/XcodeDistPipeline.Vf9/entitlementsjhUImp' '/var/folders/4k/k3223hc175l4ljx6ng5f5rtc0000gn/T/XcodeDistPipeline.Vf9/Root/Payload/Runner.app'
2018-06-24 07:10:53 +0000  /var/folders/4k/k3223hc175l4ljx6ng5f5rtc0000gn/T/XcodeDistPipeline.Vf9/Root/Payload/Runner.app: replacing existing signature
2018-06-24 07:10:53 +0000  /var/folders/4k/k3223hc175l4ljx6ng5f5rtc0000gn/T/XcodeDistPipeline.Vf9/Root/Payload/Runner.app: signed app bundle with Mach-O universal (armv7 arm64) [com.nerodigitalmarketing.neroRestaurant]
2018-06-24 07:10:53 +0000  
2018-06-24 07:10:53 +0000  
2018-06-24 07:10:53 +0000  
2018-06-24 07:10:53 +0000  
2018-06-24 07:10:53 +0000  /usr/bin/codesign exited with 0
2018-06-24 07:10:53 +0000  
2018-06-24 07:10:53 +0000  
2018-06-24 07:10:53 +0000  Processing step: IDEDistributionStreamingZipItemStep
2018-06-24 07:10:53 +0000  Skipping step: IDEDistributionStreamingZipItemStep because it said so
2018-06-24 07:10:53 +0000  Skipping step: IDEDistributionStreamingZipItemStep because it said so
2018-06-24 07:10:53 +0000  Skipping step: IDEDistributionStreamingZipItemStep because it said so
2018-06-24 07:10:53 +0000  Processing step: IDEDistributionCreateIPAStep
2018-06-24 07:10:53 +0000  Running /usr/bin/ditto '-V' '-c' '-k' '--norsrc' '/var/folders/4k/k3223hc175l4ljx6ng5f5rtc0000gn/T/XcodeDistPipeline.Vf9/Root' '/var/folders/4k/k3223hc175l4ljx6ng5f5rtc0000gn/T/XcodeDistPipeline.Vf9/Packages/Runner.ipa'
2018-06-24 07:10:53 +0000  >>> Copying /var/folders/4k/k3223hc175l4ljx6ng5f5rtc0000gn/T/XcodeDistPipeline.Vf9/Root 
2018-06-24 07:10:53 +0000  copying file ./Payload/Runner.app/_CodeSignature/CodeResources ... 
2018-06-24 07:10:53 +0000  62855 bytes for ./Payload/Runner.app/_CodeSignature/CodeResources
2018-06-24 07:10:53 +0000  copying file ./Payload/Runner.app/AppFrameworkInfo.plist ... 
376 bytes for ./Payload/Runner.app/AppFrameworkInfo.plist
copying file ./Payload/Runner.app/AppIcon20x20@2x.png ... 
1304 bytes for ./Payload/Runner.app/AppIcon20x20@2x.png
copying file ./Payload/Runner.app/AppIcon20x20@2x~ipad.png ... 
2018-06-24 07:10:53 +0000  1304 bytes for ./Payload/Runner.app/AppIcon20x20@2x~ipad.png
copying file ./Payload/Runner.app/AppIcon20x20@3x.png ... 
1883 bytes for ./Payload/Runner.app/AppIcon20x20@3x.png
copying file ./Payload/Runner.app/AppIcon20x20~ipad.png ... 
2018-06-24 07:10:53 +0000  531 bytes for ./Payload/Runner.app/AppIcon20x20~ipad.png
copying file ./Payload/Runner.app/AppIcon29x29.png ... 
1010 bytes for ./Payload/Runner.app/AppIcon29x29.png
copying file ./Payload/Runner.app/AppIcon29x29@2x.png ... 
2018-06-24 07:10:53 +0000  1767 bytes for ./Payload/Runner.app/AppIcon29x29@2x.png
copying file ./Payload/Runner.app/AppIcon29x29@2x~ipad.png ... 
1767 bytes for ./Payload/Runner.app/AppIcon29x29@2x~ipad.png
copying file ./Payload/Runner.app/AppIcon29x29@3x.png ... 
2018-06-24 07:10:53 +0000  2427 bytes for ./Payload/Runner.app/AppIcon29x29@3x.png
copying file ./Payload/Runner.app/AppIcon29x29~ipad.png ... 
1010 bytes for ./Payload/Runner.app/AppIcon29x29~ipad.png
copying file ./Payload/Runner.app/AppIcon40x40@2x.png ... 
2018-06-24 07:10:53 +0000  2389 bytes for ./Payload/Runner.app/AppIcon40x40@2x.png
copying file ./Payload/Runner.app/AppIcon40x40@2x~ipad.png ... 
2018-06-24 07:10:53 +0000  2389 bytes for ./Payload/Runner.app/AppIcon40x40@2x~ipad.png
copying file ./Payload/Runner.app/AppIcon40x40@3x.png ... 
2018-06-24 07:10:53 +0000  3364 bytes for ./Payload/Runner.app/AppIcon40x40@3x.png
copying file ./Payload/Runner.app/AppIcon40x40~ipad.png ... 
1304 bytes for ./Payload/Runner.app/AppIcon40x40~ipad.png
copying file ./Payload/Runner.app/AppIcon60x60@2x.png ... 
2018-06-24 07:10:53 +0000  3364 bytes for ./Payload/Runner.app/AppIcon60x60@2x.png
copying file ./Payload/Runner.app/AppIcon60x60@3x.png ... 
2018-06-24 07:10:53 +0000  4812 bytes for ./Payload/Runner.app/AppIcon60x60@3x.png
copying file ./Payload/Runner.app/AppIcon76x76@2x~ipad.png ... 
2018-06-24 07:10:53 +0000  4121 bytes for ./Payload/Runner.app/AppIcon76x76@2x~ipad.png
copying file ./Payload/Runner.app/AppIcon76x76~ipad.png ... 
2018-06-24 07:10:53 +0000  2357 bytes for ./Payload/Runner.app/AppIcon76x76~ipad.png
copying file ./Payload/Runner.app/AppIcon83.5x83.5@2x~ipad.png ... 
2018-06-24 07:10:53 +0000  4539 bytes for ./Payload/Runner.app/AppIcon83.5x83.5@2x~ipad.png
copying file ./Payload/Runner.app/Assets.car ... 
2018-06-24 07:10:53 +0000  111560 bytes for ./Payload/Runner.app/Assets.car
2018-06-24 07:10:53 +0000  copying file ./Payload/Runner.app/Base.lproj/LaunchScreen.storyboardc/01J-lp-oVM-view-Ze5-6b-2t3.nib ... 
2154 bytes for ./Payload/Runner.app/Base.lproj/LaunchScreen.storyboardc/01J-lp-oVM-view-Ze5-6b-2t3.nib
copying file ./Payload/Runner.app/Base.lproj/LaunchScreen.storyboardc/Info.plist ... 
258 bytes for ./Payload/Runner.app/Base.lproj/LaunchScreen.storyboardc/Info.plist
2018-06-24 07:10:53 +0000  copying file ./Payload/Runner.app/Base.lproj/LaunchScreen.storyboardc/UIViewController-01J-lp-oVM.nib ... 
832 bytes for ./Payload/Runner.app/Base.lproj/LaunchScreen.storyboardc/UIViewController-01J-lp-oVM.nib
copying file ./Payload/Runner.app/Base.lproj/Main.storyboardc/BYZ-38-t0r-view-8bC-Xf-vdC.nib ... 
1790 bytes for ./Payload/Runner.app/Base.lproj/Main.storyboardc/BYZ-38-t0r-view-8bC-Xf-vdC.nib
2018-06-24 07:10:53 +0000  copying file ./Payload/Runner.app/Base.lproj/Main.storyboardc/Info.plist ... 
258 bytes for ./Payload/Runner.app/Base.lproj/Main.storyboardc/Info.plist
copying file ./Payload/Runner.app/Base.lproj/Main.storyboardc/UIViewController-BYZ-38-t0r.nib ... 
923 bytes for ./Payload/Runner.app/Base.lproj/Main.storyboardc/UIViewController-BYZ-38-t0r.nib
copying file ./Payload/Runner.app/Debug.xcconfig ... 
2018-06-24 07:10:53 +0000  106 bytes for ./Payload/Runner.app/Debug.xcconfig
copying file ./Payload/Runner.app/embedded.mobileprovision ... 
2018-06-24 07:10:53 +0000  7624 bytes for ./Payload/Runner.app/embedded.mobileprovision
2018-06-24 07:10:53 +0000  copying file ./Payload/Runner.app/FacebookSDKStrings.bundle/Resources/af.lproj/FacebookSDK.strings ... 
2018-06-24 07:10:53 +0000  5014 bytes for ./Payload/Runner.app/FacebookSDKStrings.bundle/Resources/af.lproj/FacebookSDK.strings
2018-06-24 07:10:53 +0000  copying file ./Payload/Runner.app/FacebookSDKStrings.bundle/Resources/ar.lproj/FacebookSDK.strings ... 
2018-06-24 07:10:53 +0000  5603 bytes for ./Payload/Runner.app/FacebookSDKStrings.bundle/Resources/ar.lproj/FacebookSDK.strings
2018-06-24 07:10:53 +0000  copying file ./Payload/Runner.app/FacebookSDKStrings.bundle/Resources/bn.lproj/FacebookSDK.strings ... 
7025 bytes for ./Payload/Runner.app/FacebookSDKStrings.bundle/Resources/bn.lproj/FacebookSDK.strings
2018-06-24 07:10:53 +0000  copying file ./Payload/Runner.app/FacebookSDKStrings.bundle/Resources/cs.lproj/FacebookSDK.strings ... 
5115 bytes for ./Payload/Runner.app/FacebookSDKStrings.bundle/Resources/cs.lproj/FacebookSDK.strings
2018-06-24 07:10:53 +0000  copying file ./Payload/Runner.app/FacebookSDKStrings.bundle/Resources/da.lproj/FacebookSDK.strings ... 
2018-06-24 07:10:53 +0000  4975 bytes for ./Payload/Runner.app/FacebookSDKStrings.bundle/Resources/da.lproj/FacebookSDK.strings
copying file ./Payload/Runner.app/FacebookSDKStrings.bundle/Resources/de.lproj/FacebookSDK.strings ... 
2018-06-24 07:10:53 +0000  5174 bytes for ./Payload/Runner.app/FacebookSDKStrings.bundle/Resources/de.lproj/FacebookSDK.strings
2018-06-24 07:10:53 +0000  copying file ./Payload/Runner.app/FacebookSDKStrings.bundle/Resources/el.lproj/FacebookSDK.strings ... 
2018-06-24 07:10:53 +0000  6162 bytes for ./Payload/Runner.app/FacebookSDKStrings.bundle/Resources/el.lproj/FacebookSDK.strings
2018-06-24 07:10:53 +0000  copying file ./Payload/Runner.app/FacebookSDKStrings.bundle/Resources/en.lproj/FacebookSDK.strings ... 
2018-06-24 07:10:53 +0000  9126 bytes for ./Payload/Runner.app/FacebookSDKStrings.bundle/Resources/en.lproj/FacebookSDK.strings
2018-06-24 07:10:53 +0000  copying file ./Payload/Runner.app/FacebookSDKStrings.bundle/Resources/en_GB.lproj/FacebookSDK.strings ... 
2018-06-24 07:10:53 +0000  4509 bytes for ./Payload/Runner.app/FacebookSDKStrings.bundle/Resources/en_GB.lproj/FacebookSDK.strings
2018-06-24 07:10:53 +0000  copying file ./Payload/Runner.app/FacebookSDKStrings.bundle/Resources/es.lproj/FacebookSDK.strings ... 
2018-06-24 07:10:53 +0000  5110 bytes for ./Payload/Runner.app/FacebookSDKStrings.bundle/Resources/es.lproj/FacebookSDK.strings
copying file ./Payload/Runner.app/FacebookSDKStrings.bundle/Resources/es_ES.lproj/FacebookSDK.strings ... 
5128 bytes for ./Payload/Runner.app/FacebookSDKStrings.bundle/Resources/es_ES.lproj/FacebookSDK.strings
2018-06-24 07:10:53 +0000  copying file ./Payload/Runner.app/FacebookSDKStrings.bundle/Resources/fi.lproj/FacebookSDK.strings ... 
5096 bytes for ./Payload/Runner.app/FacebookSDKStrings.bundle/Resources/fi.lproj/FacebookSDK.strings
2018-06-24 07:10:53 +0000  copying file ./Payload/Runner.app/FacebookSDKStrings.bundle/Resources/fil.lproj/FacebookSDK.strings ... 
2018-06-24 07:10:53 +0000  5137 bytes for ./Payload/Runner.app/FacebookSDKStrings.bundle/Resources/fil.lproj/FacebookSDK.strings
copying file ./Payload/Runner.app/FacebookSDKStrings.bundle/Resources/fr.lproj/FacebookSDK.strings ... 
2018-06-24 07:10:53 +0000  5228 bytes for ./Payload/Runner.app/FacebookSDKStrings.bundle/Resources/fr.lproj/FacebookSDK.strings
2018-06-24 07:10:53 +0000  copying file ./Payload/Runner.app/FacebookSDKStrings.bundle/Resources/gu.lproj/FacebookSDK.strings ... 
2018-06-24 07:10:53 +0000  6757 bytes for ./Payload/Runner.app/FacebookSDKStrings.bundle/Resources/gu.lproj/FacebookSDK.strings
copying file ./Payload/Runner.app/FacebookSDKStrings.bundle/Resources/he.lproj/FacebookSDK.strings ... 
2018-06-24 07:10:53 +0000  5282 bytes for ./Payload/Runner.app/FacebookSDKStrings.bundle/Resources/he.lproj/FacebookSDK.strings
copying file ./Payload/Runner.app/FacebookSDKStrings.bundle/Resources/hi.lproj/FacebookSDK.strings ... 
2018-06-24 07:10:53 +0000  6785 bytes for ./Payload/Runner.app/FacebookSDKStrings.bundle/Resources/hi.lproj/FacebookSDK.strings
2018-06-24 07:10:53 +0000  copying file ./Payload/Runner.app/FacebookSDKStrings.bundle/Resources/hr.lproj/FacebookSDK.strings ... 
2018-06-24 07:10:53 +0000  4978 bytes for ./Payload/Runner.app/FacebookSDKStrings.bundle/Resources/hr.lproj/FacebookSDK.strings
copying file ./Payload/Runner.app/FacebookSDKStrings.bundle/Resources/hu.lproj/FacebookSDK.strings ... 
2018-06-24 07:10:53 +0000  5233 bytes for ./Payload/Runner.app/FacebookSDKStrings.bundle/Resources/hu.lproj/FacebookSDK.strings
copying file ./Payload/Runner.app/FacebookSDKStrings.bundle/Resources/id.lproj/FacebookSDK.strings ... 
2018-06-24 07:10:53 +0000  4932 bytes for ./Payload/Runner.app/FacebookSDKStrings.bundle/Resources/id.lproj/FacebookSDK.strings
2018-06-24 07:10:53 +0000  copying file ./Payload/Runner.app/FacebookSDKStrings.bundle/Resources/it.lproj/FacebookSDK.strings ... 
5016 bytes for ./Payload/Runner.app/FacebookSDKStrings.bundle/Resources/it.lproj/FacebookSDK.strings
2018-06-24 07:10:53 +0000  copying file ./Payload/Runner.app/FacebookSDKStrings.bundle/Resources/ja.lproj/FacebookSDK.strings ... 
5419 bytes for ./Payload/Runner.app/FacebookSDKStrings.bundle/Resources/ja.lproj/FacebookSDK.strings
2018-06-24 07:10:53 +0000  copying file ./Payload/Runner.app/FacebookSDKStrings.bundle/Resources/kn.lproj/FacebookSDK.strings ... 
2018-06-24 07:10:53 +0000  5977 bytes for ./Payload/Runner.app/FacebookSDKStrings.bundle/Resources/kn.lproj/FacebookSDK.strings
2018-06-24 07:10:53 +0000  copying file ./Payload/Runner.app/FacebookSDKStrings.bundle/Resources/ko.lproj/FacebookSDK.strings ... 
2018-06-24 07:10:53 +0000  5137 bytes for ./Payload/Runner.app/FacebookSDKStrings.bundle/Resources/ko.lproj/FacebookSDK.strings
2018-06-24 07:10:53 +0000  copying file ./Payload/Runner.app/FacebookSDKStrings.bundle/Resources/ml.lproj/FacebookSDK.strings ... 
2018-06-24 07:10:53 +0000  7388 bytes for ./Payload/Runner.app/FacebookSDKStrings.bundle/Resources/ml.lproj/FacebookSDK.strings
2018-06-24 07:10:53 +0000  copying file ./Payload/Runner.app/FacebookSDKStrings.bundle/Resources/mr.lproj/FacebookSDK.strings ... 
2018-06-24 07:10:53 +0000  6747 bytes for ./Payload/Runner.app/FacebookSDKStrings.bundle/Resources/mr.lproj/FacebookSDK.strings
2018-06-24 07:10:53 +0000  copying file ./Payload/Runner.app/FacebookSDKStrings.bundle/Resources/ms.lproj/FacebookSDK.strings ... 
2018-06-24 07:10:53 +0000  4990 bytes for ./Payload/Runner.app/FacebookSDKStrings.bundle/Resources/ms.lproj/FacebookSDK.strings
copying file ./Payload/Runner.app/FacebookSDKStrings.bundle/Resources/nb.lproj/FacebookSDK.strings ... 
2018-06-24 07:10:53 +0000  4911 bytes for ./Payload/Runner.app/FacebookSDKStrings.bundle/Resources/nb.lproj/FacebookSDK.strings
2018-06-24 07:10:53 +0000  copying file ./Payload/Runner.app/FacebookSDKStrings.bundle/Resources/nl.lproj/FacebookSDK.strings ... 
2018-06-24 07:10:53 +0000  5014 bytes for ./Payload/Runner.app/FacebookSDKStrings.bundle/Resources/nl.lproj/FacebookSDK.strings
2018-06-24 07:10:53 +0000  copying file ./Payload/Runner.app/FacebookSDKStrings.bundle/Resources/pa.lproj/FacebookSDK.strings ... 
2018-06-24 07:10:53 +0000  6874 bytes for ./Payload/Runner.app/FacebookSDKStrings.bundle/Resources/pa.lproj/FacebookSDK.strings
2018-06-24 07:10:53 +0000  copying file ./Payload/Runner.app/FacebookSDKStrings.bundle/Resources/pl.lproj/FacebookSDK.strings ... 
2018-06-24 07:10:53 +0000  5086 bytes for ./Payload/Runner.app/FacebookSDKStrings.bundle/Resources/pl.lproj/FacebookSDK.strings
copying file ./Payload/Runner.app/FacebookSDKStrings.bundle/Resources/pt.lproj/FacebookSDK.strings ... 
2018-06-24 07:10:53 +0000  5043 bytes for ./Payload/Runner.app/FacebookSDKStrings.bundle/Resources/pt.lproj/FacebookSDK.strings
copying file ./Payload/Runner.app/FacebookSDKStrings.bundle/Resources/pt_PT.lproj/FacebookSDK.strings ... 
2018-06-24 07:10:53 +0000  5139 bytes for ./Payload/Runner.app/FacebookSDKStrings.bundle/Resources/pt_PT.lproj/FacebookSDK.strings
2018-06-24 07:10:53 +0000  copying file ./Payload/Runner.app/FacebookSDKStrings.bundle/Resources/ru.lproj/FacebookSDK.strings ... 
2018-06-24 07:10:53 +0000  5711 bytes for ./Payload/Runner.app/FacebookSDKStrings.bundle/Resources/ru.lproj/FacebookSDK.strings
2018-06-24 07:10:53 +0000  copying file ./Payload/Runner.app/FacebookSDKStrings.bundle/Resources/sk.lproj/FacebookSDK.strings ... 
5130 bytes for ./Payload/Runner.app/FacebookSDKStrings.bundle/Resources/sk.lproj/FacebookSDK.strings
copying file ./Payload/Runner.app/FacebookSDKStrings.bundle/Resources/sv.lproj/FacebookSDK.strings ... 
4940 bytes for ./Payload/Runner.app/FacebookSDKStrings.bundle/Resources/sv.lproj/FacebookSDK.strings
copying file ./Payload/Runner.app/FacebookSDKStrings.bundle/Resources/ta.lproj/FacebookSDK.strings ... 
2018-06-24 07:10:53 +0000  7039 bytes for ./Payload/Runner.app/FacebookSDKStrings.bundle/Resources/ta.lproj/FacebookSDK.strings
copying file ./Payload/Runner.app/FacebookSDKStrings.bundle/Resources/te.lproj/FacebookSDK.strings ... 
2018-06-24 07:10:53 +0000  7083 bytes for ./Payload/Runner.app/FacebookSDKStrings.bundle/Resources/te.lproj/FacebookSDK.strings
2018-06-24 07:10:53 +0000  copying file ./Payload/Runner.app/FacebookSDKStrings.bundle/Resources/th.lproj/FacebookSDK.strings ... 
2018-06-24 07:10:53 +0000  6758 bytes for ./Payload/Runner.app/FacebookSDKStrings.bundle/Resources/th.lproj/FacebookSDK.strings
2018-06-24 07:10:53 +0000  copying file ./Payload/Runner.app/FacebookSDKStrings.bundle/Resources/tr.lproj/FacebookSDK.strings ... 
2018-06-24 07:10:53 +0000  5006 bytes for ./Payload/Runner.app/FacebookSDKStrings.bundle/Resources/tr.lproj/FacebookSDK.strings
copying file ./Payload/Runner.app/FacebookSDKStrings.bundle/Resources/vi.lproj/FacebookSDK.strings ... 
2018-06-24 07:10:53 +0000  5393 bytes for ./Payload/Runner.app/FacebookSDKStrings.bundle/Resources/vi.lproj/FacebookSDK.strings
copying file ./Payload/Runner.app/FacebookSDKStrings.bundle/Resources/zh.lproj/FacebookSDK.strings ... 
2018-06-24 07:10:53 +0000  4833 bytes for ./Payload/Runner.app/FacebookSDKStrings.bundle/Resources/zh.lproj/FacebookSDK.strings
2018-06-24 07:10:53 +0000  copying file ./Payload/Runner.app/FacebookSDKStrings.bundle/Resources/zh_Hant_HK.lproj/FacebookSDK.strings ... 
2018-06-24 07:10:53 +0000  4853 bytes for ./Payload/Runner.app/FacebookSDKStrings.bundle/Resources/zh_Hant_HK.lproj/FacebookSDK.strings
copying file ./Payload/Runner.app/FacebookSDKStrings.bundle/Resources/zh_Hant_TW.lproj/FacebookSDK.strings ... 
2018-06-24 07:10:53 +0000  4891 bytes for ./Payload/Runner.app/FacebookSDKStrings.bundle/Resources/zh_Hant_TW.lproj/FacebookSDK.strings
2018-06-24 07:10:53 +0000  copying file ./Payload/Runner.app/flutter_assets/AssetManifest.json ... 
2018-06-24 07:10:53 +0000  1917 bytes for ./Payload/Runner.app/flutter_assets/AssetManifest.json
copying file ./Payload/Runner.app/flutter_assets/assets/images/empty-cart.png ... 
2018-06-24 07:10:53 +0000  18623 bytes for ./Payload/Runner.app/flutter_assets/assets/images/empty-cart.png
2018-06-24 07:10:53 +0000  copying file ./Payload/Runner.app/flutter_assets/assets/images/empty-favorites.png ... 
2018-06-24 07:10:53 +0000  41478 bytes for ./Payload/Runner.app/flutter_assets/assets/images/empty-favorites.png
copying file ./Payload/Runner.app/flutter_assets/assets/images/empty-previous.png ... 
2018-06-24 07:10:53 +0000  44068 bytes for ./Payload/Runner.app/flutter_assets/assets/images/empty-previous.png
copying file ./Payload/Runner.app/flutter_assets/assets/images/google_signin_button.png ... 
2018-06-24 07:10:53 +0000  8613 bytes for ./Payload/Runner.app/flutter_assets/assets/images/google_signin_button.png
copying file ./Payload/Runner.app/flutter_assets/assets/images/ndm_logo.png ... 
2018-06-24 07:10:53 +0000  15807 bytes for ./Payload/Runner.app/flutter_assets/assets/images/ndm_logo.png
copying file ./Payload/Runner.app/flutter_assets/assets/images/order_card.jpg ... 
2018-06-24 07:10:53 +0000  845236 bytes for ./Payload/Runner.app/flutter_assets/assets/images/order_card.jpg
copying file ./Payload/Runner.app/flutter_assets/assets/images/special.jpg ... 
2018-06-24 07:10:53 +0000  267275 bytes for ./Payload/Runner.app/flutter_assets/assets/images/special.jpg
2018-06-24 07:10:53 +0000  copying file ./Payload/Runner.app/flutter_assets/FontManifest.json ... 
289 bytes for ./Payload/Runner.app/flutter_assets/FontManifest.json
copying file ./Payload/Runner.app/flutter_assets/fonts/MaterialIcons-Regular.ttf ... 
2018-06-24 07:10:53 +0000  134640 bytes for ./Payload/Runner.app/flutter_assets/fonts/MaterialIcons-Regular.ttf
2018-06-24 07:10:53 +0000  copying file ./Payload/Runner.app/flutter_assets/LICENSE ... 
2018-06-24 07:10:53 +0000  618922 bytes for ./Payload/Runner.app/flutter_assets/LICENSE
2018-06-24 07:10:53 +0000  copying file ./Payload/Runner.app/flutter_assets/packages/cupertino_icons/assets/CupertinoIcons.ttf ... 
2018-06-24 07:10:53 +0000  97680 bytes for ./Payload/Runner.app/flutter_assets/packages/cupertino_icons/assets/CupertinoIcons.ttf
2018-06-24 07:10:53 +0000  copying file ./Payload/Runner.app/flutter_assets/packages/flutter_firebase_ui/assets/2.0x/email-logo.png ... 
1876 bytes for ./Payload/Runner.app/flutter_assets/packages/flutter_firebase_ui/assets/2.0x/email-logo.png
copying file ./Payload/Runner.app/flutter_assets/packages/flutter_firebase_ui/assets/2.0x/fb-logo.png ... 
2018-06-24 07:10:53 +0000  1346 bytes for ./Payload/Runner.app/flutter_assets/packages/flutter_firebase_ui/assets/2.0x/fb-logo.png
copying file ./Payload/Runner.app/flutter_assets/packages/flutter_firebase_ui/assets/2.0x/go-logo.png ... 
1221 bytes for ./Payload/Runner.app/flutter_assets/packages/flutter_firebase_ui/assets/2.0x/go-logo.png
copying file ./Payload/Runner.app/flutter_assets/packages/flutter_firebase_ui/assets/3.0x/email-logo.png ... 
2018-06-24 07:10:53 +0000  2376 bytes for ./Payload/Runner.app/flutter_assets/packages/flutter_firebase_ui/assets/3.0x/email-logo.png
copying file ./Payload/Runner.app/flutter_assets/packages/flutter_firebase_ui/assets/3.0x/fb-logo.png ... 
2018-06-24 07:10:53 +0000  3494 bytes for ./Payload/Runner.app/flutter_assets/packages/flutter_firebase_ui/assets/3.0x/fb-logo.png
copying file ./Payload/Runner.app/flutter_assets/packages/flutter_firebase_ui/assets/3.0x/go-logo.png ... 
2018-06-24 07:10:53 +0000  3666 bytes for ./Payload/Runner.app/flutter_assets/packages/flutter_firebase_ui/assets/3.0x/go-logo.png
copying file ./Payload/Runner.app/flutter_assets/packages/flutter_firebase_ui/assets/email-logo.png ... 
2018-06-24 07:10:53 +0000  1356 bytes for ./Payload/Runner.app/flutter_assets/packages/flutter_firebase_ui/assets/email-logo.png
copying file ./Payload/Runner.app/flutter_assets/packages/flutter_firebase_ui/assets/fb-logo.png ... 
2018-06-24 07:10:53 +0000  1201 bytes for ./Payload/Runner.app/flutter_assets/packages/flutter_firebase_ui/assets/fb-logo.png
copying file ./Payload/Runner.app/flutter_assets/packages/flutter_firebase_ui/assets/go-logo.png ... 
2018-06-24 07:10:53 +0000  728 bytes for ./Payload/Runner.app/flutter_assets/packages/flutter_firebase_ui/assets/go-logo.png
2018-06-24 07:10:53 +0000  copying file ./Payload/Runner.app/Frameworks/App.framework/_CodeSignature/CodeResources ... 
2018-06-24 07:10:53 +0000  2202 bytes for ./Payload/Runner.app/Frameworks/App.framework/_CodeSignature/CodeResources
copying file ./Payload/Runner.app/Frameworks/App.framework/App ... 
2018-06-24 07:10:54 +0000  26009488 bytes for ./Payload/Runner.app/Frameworks/App.framework/App
copying file ./Payload/Runner.app/Frameworks/App.framework/Info.plist ... 
773 bytes for ./Payload/Runner.app/Frameworks/App.framework/Info.plist
2018-06-24 07:10:54 +0000  copying file ./Payload/Runner.app/Frameworks/Flutter.framework/_CodeSignature/CodeResources ... 
2488 bytes for ./Payload/Runner.app/Frameworks/Flutter.framework/_CodeSignature/CodeResources
copying file ./Payload/Runner.app/Frameworks/Flutter.framework/Flutter ... 
2018-06-24 07:10:55 +0000  21772960 bytes for ./Payload/Runner.app/Frameworks/Flutter.framework/Flutter
copying file ./Payload/Runner.app/Frameworks/Flutter.framework/icudtl.dat ... 
2018-06-24 07:10:55 +0000  6623360 bytes for ./Payload/Runner.app/Frameworks/Flutter.framework/icudtl.dat
copying file ./Payload/Runner.app/Frameworks/Flutter.framework/Info.plist ... 
2018-06-24 07:10:55 +0000  867 bytes for ./Payload/Runner.app/Frameworks/Flutter.framework/Info.plist
copying file ./Payload/Runner.app/Generated.xcconfig ... 
442 bytes for ./Payload/Runner.app/Generated.xcconfig
copying file ./Payload/Runner.app/GoogleService-Info.plist ... 
2018-06-24 07:10:55 +0000  889 bytes for ./Payload/Runner.app/GoogleService-Info.plist
copying file ./Payload/Runner.app/GoogleSignIn.bundle/ar.lproj/GoogleSignIn.strings ... 
823 bytes for ./Payload/Runner.app/GoogleSignIn.bundle/ar.lproj/GoogleSignIn.strings
2018-06-24 07:10:55 +0000  copying file ./Payload/Runner.app/GoogleSignIn.bundle/ca.lproj/GoogleSignIn.strings ... 
766 bytes for ./Payload/Runner.app/GoogleSignIn.bundle/ca.lproj/GoogleSignIn.strings
copying file ./Payload/Runner.app/GoogleSignIn.bundle/cs.lproj/GoogleSignIn.strings ... 
2018-06-24 07:10:55 +0000  735 bytes for ./Payload/Runner.app/GoogleSignIn.bundle/cs.lproj/GoogleSignIn.strings
copying file ./Payload/Runner.app/GoogleSignIn.bundle/da.lproj/GoogleSignIn.strings ... 
2018-06-24 07:10:55 +0000  670 bytes for ./Payload/Runner.app/GoogleSignIn.bundle/da.lproj/GoogleSignIn.strings
copying file ./Payload/Runner.app/GoogleSignIn.bundle/de.lproj/GoogleSignIn.strings ... 
723 bytes for ./Payload/Runner.app/GoogleSignIn.bundle/de.lproj/GoogleSignIn.strings
copying file ./Payload/Runner.app/GoogleSignIn.bundle/el.lproj/GoogleSignIn.strings ... 
2018-06-24 07:10:55 +0000  871 bytes for ./Payload/Runner.app/GoogleSignIn.bundle/el.lproj/GoogleSignIn.strings
copying file ./Payload/Runner.app/GoogleSignIn.bundle/en.lproj/GoogleSignIn.strings ... 
2018-06-24 07:10:55 +0000  658 bytes for ./Payload/Runner.app/GoogleSignIn.bundle/en.lproj/GoogleSignIn.strings
copying file ./Payload/Runner.app/GoogleSignIn.bundle/en_GB.lproj/GoogleSignIn.strings ... 
658 bytes for ./Payload/Runner.app/GoogleSignIn.bundle/en_GB.lproj/GoogleSignIn.strings
copying file ./Payload/Runner.app/GoogleSignIn.bundle/es.lproj/GoogleSignIn.strings ... 
2018-06-24 07:10:55 +0000  724 bytes for ./Payload/Runner.app/GoogleSignIn.bundle/es.lproj/GoogleSignIn.strings
copying file ./Payload/Runner.app/GoogleSignIn.bundle/es_MX.lproj/GoogleSignIn.strings ... 
665 bytes for ./Payload/Runner.app/GoogleSignIn.bundle/es_MX.lproj/GoogleSignIn.strings
2018-06-24 07:10:55 +0000  copying file ./Payload/Runner.app/GoogleSignIn.bundle/fi.lproj/GoogleSignIn.strings ... 
709 bytes for ./Payload/Runner.app/GoogleSignIn.bundle/fi.lproj/GoogleSignIn.strings
2018-06-24 07:10:55 +0000  copying file ./Payload/Runner.app/GoogleSignIn.bundle/fr.lproj/GoogleSignIn.strings ... 
728 bytes for ./Payload/Runner.app/GoogleSignIn.bundle/fr.lproj/GoogleSignIn.strings
copying file ./Payload/Runner.app/GoogleSignIn.bundle/google.png ... 
2018-06-24 07:10:55 +0000  572 bytes for ./Payload/Runner.app/GoogleSignIn.bundle/google.png
copying file ./Payload/Runner.app/GoogleSignIn.bundle/google@2x.png ... 
2018-06-24 07:10:55 +0000  987 bytes for ./Payload/Runner.app/GoogleSignIn.bundle/google@2x.png
copying file ./Payload/Runner.app/GoogleSignIn.bundle/google@3x.png ... 
2018-06-24 07:10:55 +0000  1622 bytes for ./Payload/Runner.app/GoogleSignIn.bundle/google@3x.png
copying file ./Payload/Runner.app/GoogleSignIn.bundle/he.lproj/GoogleSignIn.strings ... 
748 bytes for ./Payload/Runner.app/GoogleSignIn.bundle/he.lproj/GoogleSignIn.strings
2018-06-24 07:10:55 +0000  copying file ./Payload/Runner.app/GoogleSignIn.bundle/hr.lproj/GoogleSignIn.strings ... 
697 bytes for ./Payload/Runner.app/GoogleSignIn.bundle/hr.lproj/GoogleSignIn.strings
2018-06-24 07:10:55 +0000  copying file ./Payload/Runner.app/GoogleSignIn.bundle/hu.lproj/GoogleSignIn.strings ... 
748 bytes for ./Payload/Runner.app/GoogleSignIn.bundle/hu.lproj/GoogleSignIn.strings
2018-06-24 07:10:55 +0000  copying file ./Payload/Runner.app/GoogleSignIn.bundle/id.lproj/GoogleSignIn.strings ... 
2018-06-24 07:10:55 +0000  654 bytes for ./Payload/Runner.app/GoogleSignIn.bundle/id.lproj/GoogleSignIn.strings
copying file ./Payload/Runner.app/GoogleSignIn.bundle/Info.plist ... 
2018-06-24 07:10:55 +0000  729 bytes for ./Payload/Runner.app/GoogleSignIn.bundle/Info.plist
copying file ./Payload/Runner.app/GoogleSignIn.bundle/it.lproj/GoogleSignIn.strings ... 
2018-06-24 07:10:55 +0000  671 bytes for ./Payload/Runner.app/GoogleSignIn.bundle/it.lproj/GoogleSignIn.strings
copying file ./Payload/Runner.app/GoogleSignIn.bundle/ja.lproj/GoogleSignIn.strings ... 
765 bytes for ./Payload/Runner.app/GoogleSignIn.bundle/ja.lproj/GoogleSignIn.strings
2018-06-24 07:10:55 +0000  copying file ./Payload/Runner.app/GoogleSignIn.bundle/ko.lproj/GoogleSignIn.strings ... 
719 bytes for ./Payload/Runner.app/GoogleSignIn.bundle/ko.lproj/GoogleSignIn.strings
2018-06-24 07:10:55 +0000  copying file ./Payload/Runner.app/GoogleSignIn.bundle/ms.lproj/GoogleSignIn.strings ... 
687 bytes for ./Payload/Runner.app/GoogleSignIn.bundle/ms.lproj/GoogleSignIn.strings
2018-06-24 07:10:55 +0000  copying file ./Payload/Runner.app/GoogleSignIn.bundle/nb.lproj/GoogleSignIn.strings ... 
670 bytes for ./Payload/Runner.app/GoogleSignIn.bundle/nb.lproj/GoogleSignIn.strings
2018-06-24 07:10:55 +0000  copying file ./Payload/Runner.app/GoogleSignIn.bundle/nl.lproj/GoogleSignIn.strings ... 
2018-06-24 07:10:55 +0000  683 bytes for ./Payload/Runner.app/GoogleSignIn.bundle/nl.lproj/GoogleSignIn.strings
copying file ./Payload/Runner.app/GoogleSignIn.bundle/pl.lproj/GoogleSignIn.strings ... 
2018-06-24 07:10:55 +0000  697 bytes for ./Payload/Runner.app/GoogleSignIn.bundle/pl.lproj/GoogleSignIn.strings
copying file ./Payload/Runner.app/GoogleSignIn.bundle/pt.lproj/GoogleSignIn.strings ... 
2018-06-24 07:10:55 +0000  717 bytes for ./Payload/Runner.app/GoogleSignIn.bundle/pt.lproj/GoogleSignIn.strings
2018-06-24 07:10:55 +0000  copying file ./Payload/Runner.app/GoogleSignIn.bundle/pt_BR.lproj/GoogleSignIn.strings ... 
717 bytes for ./Payload/Runner.app/GoogleSignIn.bundle/pt_BR.lproj/GoogleSignIn.strings
copying file ./Payload/Runner.app/GoogleSignIn.bundle/pt_PT.lproj/GoogleSignIn.strings ... 
2018-06-24 07:10:55 +0000  725 bytes for ./Payload/Runner.app/GoogleSignIn.bundle/pt_PT.lproj/GoogleSignIn.strings
copying file ./Payload/Runner.app/GoogleSignIn.bundle/ro.lproj/GoogleSignIn.strings ... 
2018-06-24 07:10:55 +0000  719 bytes for ./Payload/Runner.app/GoogleSignIn.bundle/ro.lproj/GoogleSignIn.strings
copying file ./Payload/Runner.app/GoogleSignIn.bundle/Roboto-Bold.ttf ... 
2018-06-24 07:10:55 +0000  127744 bytes for ./Payload/Runner.app/GoogleSignIn.bundle/Roboto-Bold.ttf
2018-06-24 07:10:55 +0000  copying file ./Payload/Runner.app/GoogleSignIn.bundle/ru.lproj/GoogleSignIn.strings ... 
844 bytes for ./Payload/Runner.app/GoogleSignIn.bundle/ru.lproj/GoogleSignIn.strings
copying file ./Payload/Runner.app/GoogleSignIn.bundle/sk.lproj/GoogleSignIn.strings ... 
2018-06-24 07:10:55 +0000  753 bytes for ./Payload/Runner.app/GoogleSignIn.bundle/sk.lproj/GoogleSignIn.strings
copying file ./Payload/Runner.app/GoogleSignIn.bundle/sv.lproj/GoogleSignIn.strings ... 
2018-06-24 07:10:55 +0000  687 bytes for ./Payload/Runner.app/GoogleSignIn.bundle/sv.lproj/GoogleSignIn.strings
copying file ./Payload/Runner.app/GoogleSignIn.bundle/th.lproj/GoogleSignIn.strings ... 
2018-06-24 07:10:55 +0000  934 bytes for ./Payload/Runner.app/GoogleSignIn.bundle/th.lproj/GoogleSignIn.strings
copying file ./Payload/Runner.app/GoogleSignIn.bundle/tr.lproj/GoogleSignIn.strings ... 
2018-06-24 07:10:55 +0000  695 bytes for ./Payload/Runner.app/GoogleSignIn.bundle/tr.lproj/GoogleSignIn.strings
2018-06-24 07:10:55 +0000  copying file ./Payload/Runner.app/GoogleSignIn.bundle/uk.lproj/GoogleSignIn.strings ... 
874 bytes for ./Payload/Runner.app/GoogleSignIn.bundle/uk.lproj/GoogleSignIn.strings
2018-06-24 07:10:55 +0000  copying file ./Payload/Runner.app/GoogleSignIn.bundle/vi.lproj/GoogleSignIn.strings ... 
743 bytes for ./Payload/Runner.app/GoogleSignIn.bundle/vi.lproj/GoogleSignIn.strings
2018-06-24 07:10:55 +0000  copying file ./Payload/Runner.app/GoogleSignIn.bundle/zh_CN.lproj/GoogleSignIn.strings ... 
2018-06-24 07:10:55 +0000  702 bytes for ./Payload/Runner.app/GoogleSignIn.bundle/zh_CN.lproj/GoogleSignIn.strings
copying file ./Payload/Runner.app/GoogleSignIn.bundle/zh_TW.lproj/GoogleSignIn.strings ... 
2018-06-24 07:10:55 +0000  674 bytes for ./Payload/Runner.app/GoogleSignIn.bundle/zh_TW.lproj/GoogleSignIn.strings
copying file ./Payload/Runner.app/gRPCCertificates.bundle/Info.plist ... 
732 bytes for ./Payload/Runner.app/gRPCCertificates.bundle/Info.plist
copying file ./Payload/Runner.app/gRPCCertificates.bundle/roots.pem ... 
2018-06-24 07:10:56 +0000  271610 bytes for ./Payload/Runner.app/gRPCCertificates.bundle/roots.pem
copying file ./Payload/Runner.app/GTMOAuth2ViewTouch.nib ... 
2018-06-24 07:10:56 +0000  3652 bytes for ./Payload/Runner.app/GTMOAuth2ViewTouch.nib
copying file ./Payload/Runner.app/Info.plist ... 
2018-06-24 07:10:56 +0000  1710 bytes for ./Payload/Runner.app/Info.plist
copying file ./Payload/Runner.app/PkgInfo ... 
8 bytes for ./Payload/Runner.app/PkgInfo
copying file ./Payload/Runner.app/Runner ... 
2018-06-24 07:10:56 +0000  12912192 bytes for ./Payload/Runner.app/Runner
2018-06-24 07:10:56 +0000  
2018-06-24 07:10:56 +0000  
2018-06-24 07:10:56 +0000  /usr/bin/ditto exited with 0
2018-06-24 07:10:56 +0000  
2018-06-24 07:10:56 +0000  
2018-06-24 07:10:56 +0000  Processing step: IDEDistributionCreateManifestStep
2018-06-24 07:10:56 +0000  Skipping step: IDEDistributionCreateManifestStep because it said so
